


ARM Macro Assembler    Page 1 


    1 00000000         ;*******************************************************
                       ************************
    2 00000000         ;* File Name          : startup_stm32f405xx.s
    3 00000000         ;* Author             : MCD Application Team
    4 00000000         ;* Description        : STM32F405xx devices vector table
                        for MDK-ARM toolchain. 
    5 00000000         ;*                      This module performs:
    6 00000000         ;*                      - Set the initial SP
    7 00000000         ;*                      - Set the initial PC == Reset_Ha
                       ndler
    8 00000000         ;*                      - Set the vector table entries w
                       ith the exceptions ISR address
    9 00000000         ;*                      - Branches to __main in the C li
                       brary (which eventually
   10 00000000         ;*                        calls main()).
   11 00000000         ;*                      After Reset the CortexM4 process
                       or is in Thread mode,
   12 00000000         ;*                      priority is Privileged, and the 
                       Stack is set to Main.
   13 00000000         ;*******************************************************
                       *************************
   14 00000000         ;* @attention
   15 00000000         ;*
   16 00000000         ;* <h2><center>&copy; Copyright (c) 2017 STMicroelectron
                       ics.
   17 00000000         ;* All rights reserved.</center></h2>
   18 00000000         ;*
   19 00000000         ;* This software component is licensed by ST under BSD 3
                       -Clause license,
   20 00000000         ;* the "License"; You may not use this file except in co
                       mpliance with the
   21 00000000         ;* License. You may obtain a copy of the License at:
   22 00000000         ;*                        opensource.org/licenses/BSD-3-
                       Clause
   23 00000000         ;*
   24 00000000         ;*******************************************************
                       ************************
   25 00000000         ;* <<< Use Configuration Wizard in Context Menu >>>
   26 00000000         ;
   27 00000000         ; Amount of memory (in bytes) allocated for Stack
   28 00000000         ; Tailor this value to your application needs
   29 00000000         ; <h> Stack Configuration
   30 00000000         ;   <o> Stack Size (in Bytes) <0x0-0xFFFFFFFF:8>
   31 00000000         ; </h>
   32 00000000         
   33 00000000 00000800 
                       Stack_Size
                               EQU              0x800
   34 00000000         
   35 00000000                 AREA             STACK, NOINIT, READWRITE, ALIGN
=3
   36 00000000         Stack_Mem
                               SPACE            Stack_Size
   37 00000800         __initial_sp
   38 00000800         
   39 00000800         
   40 00000800         ; <h> Heap Configuration
   41 00000800         ;   <o>  Heap Size (in Bytes) <0x0-0xFFFFFFFF:8>
   42 00000800         ; </h>



ARM Macro Assembler    Page 2 


   43 00000800         
   44 00000800 00000200 
                       Heap_Size
                               EQU              0x200
   45 00000800         
   46 00000800                 AREA             HEAP, NOINIT, READWRITE, ALIGN=
3
   47 00000000         __heap_base
   48 00000000         Heap_Mem
                               SPACE            Heap_Size
   49 00000200         __heap_limit
   50 00000200         
   51 00000200                 PRESERVE8
   52 00000200                 THUMB
   53 00000200         
   54 00000200         
   55 00000200         ; Vector Table Mapped to Address 0 at Reset
   56 00000200                 AREA             RESET, DATA, READONLY
   57 00000000                 IMPORT           SysTick_Handler
   58 00000000                 EXPORT           __Vectors
   59 00000000                 EXPORT           __Vectors_End
   60 00000000                 EXPORT           __Vectors_Size
   61 00000000         
   62 00000000 00000000 
                       __Vectors
                               DCD              __initial_sp ; Top of Stack
   63 00000004 00000000        DCD              Reset_Handler ; Reset Handler
   64 00000008 00000000        DCD              NMI_Handler ; NMI Handler
   65 0000000C 00000000        DCD              HardFault_Handler ; Hard Fault 
                                                            Handler
   66 00000010 00000000        DCD              MemManage_Handler 
                                                            ; MPU Fault Handler
                                                            
   67 00000014 00000000        DCD              BusFault_Handler 
                                                            ; Bus Fault Handler
                                                            
   68 00000018 00000000        DCD              UsageFault_Handler ; Usage Faul
                                                            t Handler
   69 0000001C 00000000        DCD              0           ; Reserved
   70 00000020 00000000        DCD              0           ; Reserved
   71 00000024 00000000        DCD              0           ; Reserved
   72 00000028 00000000        DCD              0           ; Reserved
   73 0000002C 00000000        DCD              SVC_Handler ; SVCall Handler
   74 00000030 00000000        DCD              DebugMon_Handler ; Debug Monito
                                                            r Handler
   75 00000034 00000000        DCD              0           ; Reserved
   76 00000038 00000000        DCD              PendSV_Handler ; PendSV Handler
                                                            
   77 0000003C 00000000        DCD              SysTick_Handler 
                                                            ; SysTick Handler
   78 00000040         
   79 00000040         ; External Interrupts
   80 00000040 00000000        DCD              WWDG_IRQHandler ; Window WatchD
                                                            og                 
                                                                               
                                                                
   81 00000044 00000000        DCD              PVD_IRQHandler ; PVD through EX
                                                            TI Line detection  
                                                                               



ARM Macro Assembler    Page 3 


                                                               
   82 00000048 00000000        DCD              TAMP_STAMP_IRQHandler ; Tamper 
                                                            and TimeStamps thro
                                                            ugh the EXTI line  
                                                                      
   83 0000004C 00000000        DCD              RTC_WKUP_IRQHandler ; RTC Wakeu
                                                            p through the EXTI 
                                                            line               
                                                                    
   84 00000050 00000000        DCD              FLASH_IRQHandler ; FLASH       
                                                                               
                                                                             
   85 00000054 00000000        DCD              RCC_IRQHandler ; RCC           
                                                                               
                                                                           
   86 00000058 00000000        DCD              EXTI0_IRQHandler ; EXTI Line0  
                                                                               
                                                                               
                                                                 
   87 0000005C 00000000        DCD              EXTI1_IRQHandler ; EXTI Line1  
                                                                               
                                                                               
                                                                 
   88 00000060 00000000        DCD              EXTI2_IRQHandler ; EXTI Line2  
                                                                               
                                                                               
                                                                 
   89 00000064 00000000        DCD              EXTI3_IRQHandler ; EXTI Line3  
                                                                               
                                                                               
                                                                 
   90 00000068 00000000        DCD              EXTI4_IRQHandler ; EXTI Line4  
                                                                               
                                                                               
                                                                 
   91 0000006C 00000000        DCD              DMA1_Stream0_IRQHandler ; DMA1 
                                                            Stream 0           
                                                                               
                                                                 
   92 00000070 00000000        DCD              DMA1_Stream1_IRQHandler ; DMA1 
                                                            Stream 1           
                                                                               
                                                                 
   93 00000074 00000000        DCD              DMA1_Stream2_IRQHandler ; DMA1 
                                                            Stream 2           
                                                                               
                                                                 
   94 00000078 00000000        DCD              DMA1_Stream3_IRQHandler ; DMA1 
                                                            Stream 3           
                                                                               
                                                                 
   95 0000007C 00000000        DCD              DMA1_Stream4_IRQHandler ; DMA1 
                                                            Stream 4           
                                                                               
                                                                 
   96 00000080 00000000        DCD              DMA1_Stream5_IRQHandler ; DMA1 
                                                            Stream 5           
                                                                               
                                                                 



ARM Macro Assembler    Page 4 


   97 00000084 00000000        DCD              DMA1_Stream6_IRQHandler ; DMA1 
                                                            Stream 6           
                                                                               
                                                                 
   98 00000088 00000000        DCD              ADC_IRQHandler ; ADC1, ADC2 and
                                                             ADC3s             
                                                                           
   99 0000008C 00000000        DCD              CAN1_TX_IRQHandler ; CAN1 TX   
                                                                               
                                                                               
                                                                   
  100 00000090 00000000        DCD              CAN1_RX0_IRQHandler ; CAN1 RX0 
                                                                               
                                                                               
                                                                    
  101 00000094 00000000        DCD              CAN1_RX1_IRQHandler ; CAN1 RX1 
                                                                               
                                                                               
                                                                    
  102 00000098 00000000        DCD              CAN1_SCE_IRQHandler ; CAN1 SCE 
                                                                               
                                                                               
                                                                    
  103 0000009C 00000000        DCD              EXTI9_5_IRQHandler ; External L
                                                            ine[9:5]s          
                                                                               
                                                                   
  104 000000A0 00000000        DCD              TIM1_BRK_TIM9_IRQHandler ; TIM1
                                                             Break and TIM9    
                                                                           
  105 000000A4 00000000        DCD              TIM1_UP_TIM10_IRQHandler ; TIM1
                                                             Update and TIM10  
                                                                           
  106 000000A8 00000000        DCD              TIM1_TRG_COM_TIM11_IRQHandler ;
                                                             TIM1 Trigger and C
                                                            ommutation and TIM1
                                                            1
  107 000000AC 00000000        DCD              TIM1_CC_IRQHandler ; TIM1 Captu
                                                            re Compare         
                                                                               
                                                                   
  108 000000B0 00000000        DCD              TIM2_IRQHandler ; TIM2         
                                                                               
                                                                            
  109 000000B4 00000000        DCD              TIM3_IRQHandler ; TIM3         
                                                                               
                                                                            
  110 000000B8 00000000        DCD              TIM4_IRQHandler ; TIM4         
                                                                               
                                                                            
  111 000000BC 00000000        DCD              I2C1_EV_IRQHandler ; I2C1 Event
                                                                               
                                                                               
                                                                   
  112 000000C0 00000000        DCD              I2C1_ER_IRQHandler ; I2C1 Error
                                                                               
                                                                               
                                                                   
  113 000000C4 00000000        DCD              I2C2_EV_IRQHandler ; I2C2 Event



ARM Macro Assembler    Page 5 


                                                                               
                                                                               
                                                                   
  114 000000C8 00000000        DCD              I2C2_ER_IRQHandler ; I2C2 Error
                                                                               
                                                                               
                                                                     
  115 000000CC 00000000        DCD              SPI1_IRQHandler ; SPI1         
                                                                               
                                                                            
  116 000000D0 00000000        DCD              SPI2_IRQHandler ; SPI2         
                                                                               
                                                                            
  117 000000D4 00000000        DCD              USART1_IRQHandler ; USART1     
                                                                               
                                                                              
  118 000000D8 00000000        DCD              USART2_IRQHandler ; USART2     
                                                                               
                                                                              
  119 000000DC 00000000        DCD              USART3_IRQHandler ; USART3     
                                                                               
                                                                              
  120 000000E0 00000000        DCD              EXTI15_10_IRQHandler ; External
                                                             Line[15:10]s      
                                                                               
                                                                     
  121 000000E4 00000000        DCD              RTC_Alarm_IRQHandler ; RTC Alar
                                                            m (A and B) through
                                                             EXTI Line         
                                                                     
  122 000000E8 00000000        DCD              OTG_FS_WKUP_IRQHandler ; USB OT
                                                            G FS Wakeup through
                                                             EXTI line         
                                                                           
  123 000000EC 00000000        DCD              TIM8_BRK_TIM12_IRQHandler ; TIM
                                                            8 Break and TIM12  
                                                                            
  124 000000F0 00000000        DCD              TIM8_UP_TIM13_IRQHandler ; TIM8
                                                             Update and TIM13  
                                                                           
  125 000000F4 00000000        DCD              TIM8_TRG_COM_TIM14_IRQHandler ;
                                                             TIM8 Trigger and C
                                                            ommutation and TIM1
                                                            4
  126 000000F8 00000000        DCD              TIM8_CC_IRQHandler ; TIM8 Captu
                                                            re Compare         
                                                                               
                                                                   
  127 000000FC 00000000        DCD              DMA1_Stream7_IRQHandler ; DMA1 
                                                            Stream7            
                                                                               
                                                                        
  128 00000100 00000000        DCD              FMC_IRQHandler ; FMC           
                                                                               
                                                                           
  129 00000104 00000000        DCD              SDIO_IRQHandler ; SDIO         
                                                                               
                                                                            
  130 00000108 00000000        DCD              TIM5_IRQHandler ; TIM5         



ARM Macro Assembler    Page 6 


                                                                               
                                                                            
  131 0000010C 00000000        DCD              SPI3_IRQHandler ; SPI3         
                                                                               
                                                                            
  132 00000110 00000000        DCD              UART4_IRQHandler ; UART4       
                                                                               
                                                                             
  133 00000114 00000000        DCD              UART5_IRQHandler ; UART5       
                                                                               
                                                                             
  134 00000118 00000000        DCD              TIM6_DAC_IRQHandler ; TIM6 and 
                                                            DAC1&2 underrun err
                                                            ors                
                                                               
  135 0000011C 00000000        DCD              TIM7_IRQHandler ; TIM7         
                                                                      
  136 00000120 00000000        DCD              DMA2_Stream0_IRQHandler ; DMA2 
                                                            Stream 0           
                                                                               
                                                                 
  137 00000124 00000000        DCD              DMA2_Stream1_IRQHandler ; DMA2 
                                                            Stream 1           
                                                                               
                                                                 
  138 00000128 00000000        DCD              DMA2_Stream2_IRQHandler ; DMA2 
                                                            Stream 2           
                                                                               
                                                                 
  139 0000012C 00000000        DCD              DMA2_Stream3_IRQHandler ; DMA2 
                                                            Stream 3           
                                                                               
                                                                 
  140 00000130 00000000        DCD              DMA2_Stream4_IRQHandler 
                                                            ; DMA2 Stream 4
  141 00000134 00000000        DCD              0           ; Reserved  
  142 00000138 00000000        DCD              0           ; Reserved  
  143 0000013C 00000000        DCD              CAN2_TX_IRQHandler ; CAN2 TX   
                                                                               
                                                                               
                                                                   
  144 00000140 00000000        DCD              CAN2_RX0_IRQHandler ; CAN2 RX0 
                                                                               
                                                                               
                                                                    
  145 00000144 00000000        DCD              CAN2_RX1_IRQHandler ; CAN2 RX1 
                                                                               
                                                                               
                                                                    
  146 00000148 00000000        DCD              CAN2_SCE_IRQHandler ; CAN2 SCE 
                                                                               
                                                                               
                                                                    
  147 0000014C 00000000        DCD              OTG_FS_IRQHandler ; USB OTG FS 
                                                                               
                                                                              
  148 00000150 00000000        DCD              DMA2_Stream5_IRQHandler ; DMA2 
                                                            Stream 5           
                                                                               



ARM Macro Assembler    Page 7 


                                                                 
  149 00000154 00000000        DCD              DMA2_Stream6_IRQHandler ; DMA2 
                                                            Stream 6           
                                                                               
                                                                 
  150 00000158 00000000        DCD              DMA2_Stream7_IRQHandler ; DMA2 
                                                            Stream 7           
                                                                               
                                                                 
  151 0000015C 00000000        DCD              USART6_IRQHandler ; USART6     
                                                                               
                                                                               
                                                            
  152 00000160 00000000        DCD              I2C3_EV_IRQHandler ; I2C3 event
                                                                               
                                                                               
                                                                   
  153 00000164 00000000        DCD              I2C3_ER_IRQHandler ; I2C3 error
                                                                               
                                                                               
                                                                   
  154 00000168 00000000        DCD              OTG_HS_EP1_OUT_IRQHandler ; USB
                                                             OTG HS End Point 1
                                                             Out               
                                                                   
  155 0000016C 00000000        DCD              OTG_HS_EP1_IN_IRQHandler ; USB 
                                                            OTG HS End Point 1 
                                                            In                 
                                                                  
  156 00000170 00000000        DCD              OTG_HS_WKUP_IRQHandler ; USB OT
                                                            G HS Wakeup through
                                                             EXTI              
                                                                       
  157 00000174 00000000        DCD              OTG_HS_IRQHandler ; USB OTG HS 
                                                                               
                                                                              
  158 00000178 00000000        DCD              0           ; Reserved  
  159 0000017C 00000000        DCD              0           ; Reserved         
                                                                               
                                                                  
  160 00000180 00000000        DCD              HASH_RNG_IRQHandler 
                                                            ; Hash and Rng
  161 00000184 00000000        DCD              FPU_IRQHandler ; FPU
  162 00000188         
  163 00000188         
  164 00000188         __Vectors_End
  165 00000188         
  166 00000188 00000188 
                       __Vectors_Size
                               EQU              __Vectors_End - __Vectors
  167 00000188         
  168 00000188                 AREA             |.text|, CODE, READONLY
  169 00000000         
  170 00000000         ; Reset handler
  171 00000000         Reset_Handler
                               PROC
  172 00000000                 EXPORT           Reset_Handler             [WEAK
]
  173 00000000                 IMPORT           SystemInit



ARM Macro Assembler    Page 8 


  174 00000000                 IMPORT           __main
  175 00000000         
  176 00000000 4809            LDR              R0, =SystemInit
  177 00000002 4780            BLX              R0
  178 00000004 4809            LDR              R0, =__main
  179 00000006 4700            BX               R0
  180 00000008                 ENDP
  181 00000008         
  182 00000008         ; Dummy Exception Handlers (infinite loops which can be 
                       modified)
  183 00000008         
  184 00000008         NMI_Handler
                               PROC
  185 00000008                 EXPORT           NMI_Handler                [WEA
K]
  186 00000008 E7FE            B                .
  187 0000000A                 ENDP
  189 0000000A         HardFault_Handler
                               PROC
  190 0000000A                 EXPORT           HardFault_Handler          [WEA
K]
  191 0000000A E7FE            B                .
  192 0000000C                 ENDP
  194 0000000C         MemManage_Handler
                               PROC
  195 0000000C                 EXPORT           MemManage_Handler          [WEA
K]
  196 0000000C E7FE            B                .
  197 0000000E                 ENDP
  199 0000000E         BusFault_Handler
                               PROC
  200 0000000E                 EXPORT           BusFault_Handler           [WEA
K]
  201 0000000E E7FE            B                .
  202 00000010                 ENDP
  204 00000010         UsageFault_Handler
                               PROC
  205 00000010                 EXPORT           UsageFault_Handler         [WEA
K]
  206 00000010 E7FE            B                .
  207 00000012                 ENDP
  208 00000012         SVC_Handler
                               PROC
  209 00000012                 EXPORT           SVC_Handler                [WEA
K]
  210 00000012 E7FE            B                .
  211 00000014                 ENDP
  213 00000014         DebugMon_Handler
                               PROC
  214 00000014                 EXPORT           DebugMon_Handler           [WEA
K]
  215 00000014 E7FE            B                .
  216 00000016                 ENDP
  217 00000016         PendSV_Handler
                               PROC
  218 00000016                 EXPORT           PendSV_Handler             [WEA
K]
  219 00000016 E7FE            B                .
  220 00000018                 ENDP



ARM Macro Assembler    Page 9 


  221 00000018         
  222 00000018         Default_Handler
                               PROC
  223 00000018         
  224 00000018                 EXPORT           WWDG_IRQHandler                
   [WEAK]
  225 00000018                 EXPORT           PVD_IRQHandler                 
   [WEAK]
  226 00000018                 EXPORT           TAMP_STAMP_IRQHandler          
   [WEAK]
  227 00000018                 EXPORT           RTC_WKUP_IRQHandler            
   [WEAK]
  228 00000018                 EXPORT           FLASH_IRQHandler               
   [WEAK]
  229 00000018                 EXPORT           RCC_IRQHandler                 
   [WEAK]
  230 00000018                 EXPORT           EXTI0_IRQHandler               
   [WEAK]
  231 00000018                 EXPORT           EXTI1_IRQHandler               
   [WEAK]
  232 00000018                 EXPORT           EXTI2_IRQHandler               
   [WEAK]
  233 00000018                 EXPORT           EXTI3_IRQHandler               
   [WEAK]
  234 00000018                 EXPORT           EXTI4_IRQHandler               
   [WEAK]
  235 00000018                 EXPORT           DMA1_Stream0_IRQHandler        
   [WEAK]
  236 00000018                 EXPORT           DMA1_Stream1_IRQHandler        
   [WEAK]
  237 00000018                 EXPORT           DMA1_Stream2_IRQHandler        
   [WEAK]
  238 00000018                 EXPORT           DMA1_Stream3_IRQHandler        
   [WEAK]
  239 00000018                 EXPORT           DMA1_Stream4_IRQHandler        
   [WEAK]
  240 00000018                 EXPORT           DMA1_Stream5_IRQHandler        
   [WEAK]
  241 00000018                 EXPORT           DMA1_Stream6_IRQHandler        
   [WEAK]
  242 00000018                 EXPORT           ADC_IRQHandler                 
   [WEAK]
  243 00000018                 EXPORT           CAN1_TX_IRQHandler             
   [WEAK]
  244 00000018                 EXPORT           CAN1_RX0_IRQHandler            
   [WEAK]
  245 00000018                 EXPORT           CAN1_RX1_IRQHandler            
   [WEAK]
  246 00000018                 EXPORT           CAN1_SCE_IRQHandler            
   [WEAK]
  247 00000018                 EXPORT           EXTI9_5_IRQHandler             
   [WEAK]
  248 00000018                 EXPORT           TIM1_BRK_TIM9_IRQHandler       
   [WEAK]
  249 00000018                 EXPORT           TIM1_UP_TIM10_IRQHandler       
   [WEAK]
  250 00000018                 EXPORT           TIM1_TRG_COM_TIM11_IRQHandler  
   [WEAK]
  251 00000018                 EXPORT           TIM1_CC_IRQHandler             



ARM Macro Assembler    Page 10 


   [WEAK]
  252 00000018                 EXPORT           TIM2_IRQHandler                
   [WEAK]
  253 00000018                 EXPORT           TIM3_IRQHandler                
   [WEAK]
  254 00000018                 EXPORT           TIM4_IRQHandler                
   [WEAK]
  255 00000018                 EXPORT           I2C1_EV_IRQHandler             
   [WEAK]
  256 00000018                 EXPORT           I2C1_ER_IRQHandler             
   [WEAK]
  257 00000018                 EXPORT           I2C2_EV_IRQHandler             
   [WEAK]
  258 00000018                 EXPORT           I2C2_ER_IRQHandler             
   [WEAK]
  259 00000018                 EXPORT           SPI1_IRQHandler                
   [WEAK]
  260 00000018                 EXPORT           SPI2_IRQHandler                
   [WEAK]
  261 00000018                 EXPORT           USART1_IRQHandler              
   [WEAK]
  262 00000018                 EXPORT           USART2_IRQHandler              
   [WEAK]
  263 00000018                 EXPORT           USART3_IRQHandler              
   [WEAK]
  264 00000018                 EXPORT           EXTI15_10_IRQHandler           
   [WEAK]
  265 00000018                 EXPORT           RTC_Alarm_IRQHandler           
   [WEAK]
  266 00000018                 EXPORT           OTG_FS_WKUP_IRQHandler         
   [WEAK]
  267 00000018                 EXPORT           TIM8_BRK_TIM12_IRQHandler      
   [WEAK]
  268 00000018                 EXPORT           TIM8_UP_TIM13_IRQHandler       
   [WEAK]
  269 00000018                 EXPORT           TIM8_TRG_COM_TIM14_IRQHandler  
   [WEAK]
  270 00000018                 EXPORT           TIM8_CC_IRQHandler             
   [WEAK]
  271 00000018                 EXPORT           DMA1_Stream7_IRQHandler        
   [WEAK]
  272 00000018                 EXPORT           FMC_IRQHandler                 
   [WEAK]
  273 00000018                 EXPORT           SDIO_IRQHandler                
   [WEAK]
  274 00000018                 EXPORT           TIM5_IRQHandler                
   [WEAK]
  275 00000018                 EXPORT           SPI3_IRQHandler                
   [WEAK]
  276 00000018                 EXPORT           UART4_IRQHandler               
   [WEAK]
  277 00000018                 EXPORT           UART5_IRQHandler               
   [WEAK]
  278 00000018                 EXPORT           TIM6_DAC_IRQHandler            
   [WEAK]
  279 00000018                 EXPORT           TIM7_IRQHandler                
   [WEAK]
  280 00000018                 EXPORT           DMA2_Stream0_IRQHandler        
   [WEAK]



ARM Macro Assembler    Page 11 


  281 00000018                 EXPORT           DMA2_Stream1_IRQHandler        
   [WEAK]
  282 00000018                 EXPORT           DMA2_Stream2_IRQHandler        
   [WEAK]
  283 00000018                 EXPORT           DMA2_Stream3_IRQHandler        
   [WEAK]
  284 00000018                 EXPORT           DMA2_Stream4_IRQHandler        
   [WEAK]
  285 00000018                 EXPORT           CAN2_TX_IRQHandler             
   [WEAK]
  286 00000018                 EXPORT           CAN2_RX0_IRQHandler            
   [WEAK]
  287 00000018                 EXPORT           CAN2_RX1_IRQHandler            
   [WEAK]
  288 00000018                 EXPORT           CAN2_SCE_IRQHandler            
   [WEAK]
  289 00000018                 EXPORT           OTG_FS_IRQHandler              
   [WEAK]
  290 00000018                 EXPORT           DMA2_Stream5_IRQHandler        
   [WEAK]
  291 00000018                 EXPORT           DMA2_Stream6_IRQHandler        
   [WEAK]
  292 00000018                 EXPORT           DMA2_Stream7_IRQHandler        
   [WEAK]
  293 00000018                 EXPORT           USART6_IRQHandler              
   [WEAK]
  294 00000018                 EXPORT           I2C3_EV_IRQHandler             
   [WEAK]
  295 00000018                 EXPORT           I2C3_ER_IRQHandler             
   [WEAK]
  296 00000018                 EXPORT           OTG_HS_EP1_OUT_IRQHandler      
   [WEAK]
  297 00000018                 EXPORT           OTG_HS_EP1_IN_IRQHandler       
   [WEAK]
  298 00000018                 EXPORT           OTG_HS_WKUP_IRQHandler         
   [WEAK]
  299 00000018                 EXPORT           OTG_HS_IRQHandler              
   [WEAK]
  300 00000018                 EXPORT           HASH_RNG_IRQHandler            
   [WEAK]
  301 00000018                 EXPORT           FPU_IRQHandler                 
   [WEAK]
  302 00000018         
  303 00000018         WWDG_IRQHandler
  304 00000018         PVD_IRQHandler
  305 00000018         TAMP_STAMP_IRQHandler
  306 00000018         RTC_WKUP_IRQHandler
  307 00000018         FLASH_IRQHandler
  308 00000018         RCC_IRQHandler
  309 00000018         EXTI0_IRQHandler
  310 00000018         EXTI1_IRQHandler
  311 00000018         EXTI2_IRQHandler
  312 00000018         EXTI3_IRQHandler
  313 00000018         EXTI4_IRQHandler
  314 00000018         DMA1_Stream0_IRQHandler
  315 00000018         DMA1_Stream1_IRQHandler
  316 00000018         DMA1_Stream2_IRQHandler
  317 00000018         DMA1_Stream3_IRQHandler
  318 00000018         DMA1_Stream4_IRQHandler



ARM Macro Assembler    Page 12 


  319 00000018         DMA1_Stream5_IRQHandler
  320 00000018         DMA1_Stream6_IRQHandler
  321 00000018         ADC_IRQHandler
  322 00000018         CAN1_TX_IRQHandler
  323 00000018         CAN1_RX0_IRQHandler
  324 00000018         CAN1_RX1_IRQHandler
  325 00000018         CAN1_SCE_IRQHandler
  326 00000018         EXTI9_5_IRQHandler
  327 00000018         TIM1_BRK_TIM9_IRQHandler
  328 00000018         TIM1_UP_TIM10_IRQHandler
  329 00000018         TIM1_TRG_COM_TIM11_IRQHandler
  330 00000018         TIM1_CC_IRQHandler
  331 00000018         TIM2_IRQHandler
  332 00000018         TIM3_IRQHandler
  333 00000018         TIM4_IRQHandler
  334 00000018         I2C1_EV_IRQHandler
  335 00000018         I2C1_ER_IRQHandler
  336 00000018         I2C2_EV_IRQHandler
  337 00000018         I2C2_ER_IRQHandler
  338 00000018         SPI1_IRQHandler
  339 00000018         SPI2_IRQHandler
  340 00000018         USART1_IRQHandler
  341 00000018         USART2_IRQHandler
  342 00000018         USART3_IRQHandler
  343 00000018         EXTI15_10_IRQHandler
  344 00000018         RTC_Alarm_IRQHandler
  345 00000018         OTG_FS_WKUP_IRQHandler
  346 00000018         TIM8_BRK_TIM12_IRQHandler
  347 00000018         TIM8_UP_TIM13_IRQHandler
  348 00000018         TIM8_TRG_COM_TIM14_IRQHandler
  349 00000018         TIM8_CC_IRQHandler
  350 00000018         DMA1_Stream7_IRQHandler
  351 00000018         FMC_IRQHandler
  352 00000018         SDIO_IRQHandler
  353 00000018         TIM5_IRQHandler
  354 00000018         SPI3_IRQHandler
  355 00000018         UART4_IRQHandler
  356 00000018         UART5_IRQHandler
  357 00000018         TIM6_DAC_IRQHandler
  358 00000018         TIM7_IRQHandler
  359 00000018         DMA2_Stream0_IRQHandler
  360 00000018         DMA2_Stream1_IRQHandler
  361 00000018         DMA2_Stream2_IRQHandler
  362 00000018         DMA2_Stream3_IRQHandler
  363 00000018         DMA2_Stream4_IRQHandler
  364 00000018         CAN2_TX_IRQHandler
  365 00000018         CAN2_RX0_IRQHandler
  366 00000018         CAN2_RX1_IRQHandler
  367 00000018         CAN2_SCE_IRQHandler
  368 00000018         OTG_FS_IRQHandler
  369 00000018         DMA2_Stream5_IRQHandler
  370 00000018         DMA2_Stream6_IRQHandler
  371 00000018         DMA2_Stream7_IRQHandler
  372 00000018         USART6_IRQHandler
  373 00000018         I2C3_EV_IRQHandler
  374 00000018         I2C3_ER_IRQHandler
  375 00000018         OTG_HS_EP1_OUT_IRQHandler
  376 00000018         OTG_HS_EP1_IN_IRQHandler
  377 00000018         OTG_HS_WKUP_IRQHandler



ARM Macro Assembler    Page 13 


  378 00000018         OTG_HS_IRQHandler
  379 00000018         HASH_RNG_IRQHandler
  380 00000018         FPU_IRQHandler
  381 00000018         
  382 00000018 E7FE            B                .
  383 0000001A         
  384 0000001A                 ENDP
  385 0000001A         
  386 0000001A 00 00           ALIGN
  387 0000001C         
  388 0000001C         ;*******************************************************
                       ************************
  389 0000001C         ; User Stack and Heap initialization
  390 0000001C         ;*******************************************************
                       ************************
  391 0000001C                 IF               :DEF:__MICROLIB
  398 0000001C         
  399 0000001C                 IMPORT           __use_two_region_memory
  400 0000001C                 EXPORT           __user_initial_stackheap
  401 0000001C         
  402 0000001C         __user_initial_stackheap
  403 0000001C         
  404 0000001C 4804            LDR              R0, =  Heap_Mem
  405 0000001E 4905            LDR              R1, =(Stack_Mem + Stack_Size)
  406 00000020 4A05            LDR              R2, = (Heap_Mem +  Heap_Size)
  407 00000022 4B06            LDR              R3, = Stack_Mem
  408 00000024 4770            BX               LR
  409 00000026         
  410 00000026 00 00           ALIGN
  411 00000028         
  412 00000028                 ENDIF
  413 00000028         
  414 00000028                 END
              00000000 
              00000000 
              00000000 
              00000800 
              00000200 
              00000000 
Command Line: --debug --xref --diag_suppress=9931 --cpu=Cortex-M4.fp.sp --apcs=
interwork --depend=..\bin\startup_stm32f405xx.d -o..\bin\startup_stm32f405xx.o 
-I.\RTE\_Target -IC:\Users\hathe\AppData\Local\Arm\Packs\Keil\STM32F4xx_DFP\2.1
5.0\Drivers\CMSIS\Device\ST\STM32F4xx\Include --predefine="__EVAL SETA 1" --pre
define="__UVISION_VERSION SETA 534" --predefine="_RTE_ SETA 1" --predefine="STM
32F405xx SETA 1" --predefine="_RTE_ SETA 1" --list=startup_stm32f405xx.lst ..\s
tartup_stm32f405xx.s



ARM Macro Assembler    Page 1 Alphabetic symbol ordering
Relocatable symbols

STACK 00000000

Symbol: STACK
   Definitions
      At line 35 in file ..\startup_stm32f405xx.s
   Uses
      None
Comment: STACK unused
Stack_Mem 00000000

Symbol: Stack_Mem
   Definitions
      At line 36 in file ..\startup_stm32f405xx.s
   Uses
      At line 405 in file ..\startup_stm32f405xx.s
      At line 407 in file ..\startup_stm32f405xx.s

__initial_sp 00000800

Symbol: __initial_sp
   Definitions
      At line 37 in file ..\startup_stm32f405xx.s
   Uses
      At line 62 in file ..\startup_stm32f405xx.s
Comment: __initial_sp used once
3 symbols



ARM Macro Assembler    Page 1 Alphabetic symbol ordering
Relocatable symbols

HEAP 00000000

Symbol: HEAP
   Definitions
      At line 46 in file ..\startup_stm32f405xx.s
   Uses
      None
Comment: HEAP unused
Heap_Mem 00000000

Symbol: Heap_Mem
   Definitions
      At line 48 in file ..\startup_stm32f405xx.s
   Uses
      At line 404 in file ..\startup_stm32f405xx.s
      At line 406 in file ..\startup_stm32f405xx.s

__heap_base 00000000

Symbol: __heap_base
   Definitions
      At line 47 in file ..\startup_stm32f405xx.s
   Uses
      None
Comment: __heap_base unused
__heap_limit 00000200

Symbol: __heap_limit
   Definitions
      At line 49 in file ..\startup_stm32f405xx.s
   Uses
      None
Comment: __heap_limit unused
4 symbols



ARM Macro Assembler    Page 1 Alphabetic symbol ordering
Relocatable symbols

RESET 00000000

Symbol: RESET
   Definitions
      At line 56 in file ..\startup_stm32f405xx.s
   Uses
      None
Comment: RESET unused
__Vectors 00000000

Symbol: __Vectors
   Definitions
      At line 62 in file ..\startup_stm32f405xx.s
   Uses
      At line 58 in file ..\startup_stm32f405xx.s
      At line 166 in file ..\startup_stm32f405xx.s

__Vectors_End 00000188

Symbol: __Vectors_End
   Definitions
      At line 164 in file ..\startup_stm32f405xx.s
   Uses
      At line 59 in file ..\startup_stm32f405xx.s
      At line 166 in file ..\startup_stm32f405xx.s

3 symbols



ARM Macro Assembler    Page 1 Alphabetic symbol ordering
Relocatable symbols

.text 00000000

Symbol: .text
   Definitions
      At line 168 in file ..\startup_stm32f405xx.s
   Uses
      None
Comment: .text unused
ADC_IRQHandler 00000018

Symbol: ADC_IRQHandler
   Definitions
      At line 321 in file ..\startup_stm32f405xx.s
   Uses
      At line 98 in file ..\startup_stm32f405xx.s
      At line 242 in file ..\startup_stm32f405xx.s

BusFault_Handler 0000000E

Symbol: BusFault_Handler
   Definitions
      At line 199 in file ..\startup_stm32f405xx.s
   Uses
      At line 67 in file ..\startup_stm32f405xx.s
      At line 200 in file ..\startup_stm32f405xx.s

CAN1_RX0_IRQHandler 00000018

Symbol: CAN1_RX0_IRQHandler
   Definitions
      At line 323 in file ..\startup_stm32f405xx.s
   Uses
      At line 100 in file ..\startup_stm32f405xx.s
      At line 244 in file ..\startup_stm32f405xx.s

CAN1_RX1_IRQHandler 00000018

Symbol: CAN1_RX1_IRQHandler
   Definitions
      At line 324 in file ..\startup_stm32f405xx.s
   Uses
      At line 101 in file ..\startup_stm32f405xx.s
      At line 245 in file ..\startup_stm32f405xx.s

CAN1_SCE_IRQHandler 00000018

Symbol: CAN1_SCE_IRQHandler
   Definitions
      At line 325 in file ..\startup_stm32f405xx.s
   Uses
      At line 102 in file ..\startup_stm32f405xx.s
      At line 246 in file ..\startup_stm32f405xx.s

CAN1_TX_IRQHandler 00000018

Symbol: CAN1_TX_IRQHandler
   Definitions
      At line 322 in file ..\startup_stm32f405xx.s
   Uses



ARM Macro Assembler    Page 2 Alphabetic symbol ordering
Relocatable symbols

      At line 99 in file ..\startup_stm32f405xx.s
      At line 243 in file ..\startup_stm32f405xx.s

CAN2_RX0_IRQHandler 00000018

Symbol: CAN2_RX0_IRQHandler
   Definitions
      At line 365 in file ..\startup_stm32f405xx.s
   Uses
      At line 144 in file ..\startup_stm32f405xx.s
      At line 286 in file ..\startup_stm32f405xx.s

CAN2_RX1_IRQHandler 00000018

Symbol: CAN2_RX1_IRQHandler
   Definitions
      At line 366 in file ..\startup_stm32f405xx.s
   Uses
      At line 145 in file ..\startup_stm32f405xx.s
      At line 287 in file ..\startup_stm32f405xx.s

CAN2_SCE_IRQHandler 00000018

Symbol: CAN2_SCE_IRQHandler
   Definitions
      At line 367 in file ..\startup_stm32f405xx.s
   Uses
      At line 146 in file ..\startup_stm32f405xx.s
      At line 288 in file ..\startup_stm32f405xx.s

CAN2_TX_IRQHandler 00000018

Symbol: CAN2_TX_IRQHandler
   Definitions
      At line 364 in file ..\startup_stm32f405xx.s
   Uses
      At line 143 in file ..\startup_stm32f405xx.s
      At line 285 in file ..\startup_stm32f405xx.s

DMA1_Stream0_IRQHandler 00000018

Symbol: DMA1_Stream0_IRQHandler
   Definitions
      At line 314 in file ..\startup_stm32f405xx.s
   Uses
      At line 91 in file ..\startup_stm32f405xx.s
      At line 235 in file ..\startup_stm32f405xx.s

DMA1_Stream1_IRQHandler 00000018

Symbol: DMA1_Stream1_IRQHandler
   Definitions
      At line 315 in file ..\startup_stm32f405xx.s
   Uses
      At line 92 in file ..\startup_stm32f405xx.s
      At line 236 in file ..\startup_stm32f405xx.s

DMA1_Stream2_IRQHandler 00000018




ARM Macro Assembler    Page 3 Alphabetic symbol ordering
Relocatable symbols

Symbol: DMA1_Stream2_IRQHandler
   Definitions
      At line 316 in file ..\startup_stm32f405xx.s
   Uses
      At line 93 in file ..\startup_stm32f405xx.s
      At line 237 in file ..\startup_stm32f405xx.s

DMA1_Stream3_IRQHandler 00000018

Symbol: DMA1_Stream3_IRQHandler
   Definitions
      At line 317 in file ..\startup_stm32f405xx.s
   Uses
      At line 94 in file ..\startup_stm32f405xx.s
      At line 238 in file ..\startup_stm32f405xx.s

DMA1_Stream4_IRQHandler 00000018

Symbol: DMA1_Stream4_IRQHandler
   Definitions
      At line 318 in file ..\startup_stm32f405xx.s
   Uses
      At line 95 in file ..\startup_stm32f405xx.s
      At line 239 in file ..\startup_stm32f405xx.s

DMA1_Stream5_IRQHandler 00000018

Symbol: DMA1_Stream5_IRQHandler
   Definitions
      At line 319 in file ..\startup_stm32f405xx.s
   Uses
      At line 96 in file ..\startup_stm32f405xx.s
      At line 240 in file ..\startup_stm32f405xx.s

DMA1_Stream6_IRQHandler 00000018

Symbol: DMA1_Stream6_IRQHandler
   Definitions
      At line 320 in file ..\startup_stm32f405xx.s
   Uses
      At line 97 in file ..\startup_stm32f405xx.s
      At line 241 in file ..\startup_stm32f405xx.s

DMA1_Stream7_IRQHandler 00000018

Symbol: DMA1_Stream7_IRQHandler
   Definitions
      At line 350 in file ..\startup_stm32f405xx.s
   Uses
      At line 127 in file ..\startup_stm32f405xx.s
      At line 271 in file ..\startup_stm32f405xx.s

DMA2_Stream0_IRQHandler 00000018

Symbol: DMA2_Stream0_IRQHandler
   Definitions
      At line 359 in file ..\startup_stm32f405xx.s
   Uses
      At line 136 in file ..\startup_stm32f405xx.s



ARM Macro Assembler    Page 4 Alphabetic symbol ordering
Relocatable symbols

      At line 280 in file ..\startup_stm32f405xx.s

DMA2_Stream1_IRQHandler 00000018

Symbol: DMA2_Stream1_IRQHandler
   Definitions
      At line 360 in file ..\startup_stm32f405xx.s
   Uses
      At line 137 in file ..\startup_stm32f405xx.s
      At line 281 in file ..\startup_stm32f405xx.s

DMA2_Stream2_IRQHandler 00000018

Symbol: DMA2_Stream2_IRQHandler
   Definitions
      At line 361 in file ..\startup_stm32f405xx.s
   Uses
      At line 138 in file ..\startup_stm32f405xx.s
      At line 282 in file ..\startup_stm32f405xx.s

DMA2_Stream3_IRQHandler 00000018

Symbol: DMA2_Stream3_IRQHandler
   Definitions
      At line 362 in file ..\startup_stm32f405xx.s
   Uses
      At line 139 in file ..\startup_stm32f405xx.s
      At line 283 in file ..\startup_stm32f405xx.s

DMA2_Stream4_IRQHandler 00000018

Symbol: DMA2_Stream4_IRQHandler
   Definitions
      At line 363 in file ..\startup_stm32f405xx.s
   Uses
      At line 140 in file ..\startup_stm32f405xx.s
      At line 284 in file ..\startup_stm32f405xx.s

DMA2_Stream5_IRQHandler 00000018

Symbol: DMA2_Stream5_IRQHandler
   Definitions
      At line 369 in file ..\startup_stm32f405xx.s
   Uses
      At line 148 in file ..\startup_stm32f405xx.s
      At line 290 in file ..\startup_stm32f405xx.s

DMA2_Stream6_IRQHandler 00000018

Symbol: DMA2_Stream6_IRQHandler
   Definitions
      At line 370 in file ..\startup_stm32f405xx.s
   Uses
      At line 149 in file ..\startup_stm32f405xx.s
      At line 291 in file ..\startup_stm32f405xx.s

DMA2_Stream7_IRQHandler 00000018

Symbol: DMA2_Stream7_IRQHandler



ARM Macro Assembler    Page 5 Alphabetic symbol ordering
Relocatable symbols

   Definitions
      At line 371 in file ..\startup_stm32f405xx.s
   Uses
      At line 150 in file ..\startup_stm32f405xx.s
      At line 292 in file ..\startup_stm32f405xx.s

DebugMon_Handler 00000014

Symbol: DebugMon_Handler
   Definitions
      At line 213 in file ..\startup_stm32f405xx.s
   Uses
      At line 74 in file ..\startup_stm32f405xx.s
      At line 214 in file ..\startup_stm32f405xx.s

Default_Handler 00000018

Symbol: Default_Handler
   Definitions
      At line 222 in file ..\startup_stm32f405xx.s
   Uses
      None
Comment: Default_Handler unused
EXTI0_IRQHandler 00000018

Symbol: EXTI0_IRQHandler
   Definitions
      At line 309 in file ..\startup_stm32f405xx.s
   Uses
      At line 86 in file ..\startup_stm32f405xx.s
      At line 230 in file ..\startup_stm32f405xx.s

EXTI15_10_IRQHandler 00000018

Symbol: EXTI15_10_IRQHandler
   Definitions
      At line 343 in file ..\startup_stm32f405xx.s
   Uses
      At line 120 in file ..\startup_stm32f405xx.s
      At line 264 in file ..\startup_stm32f405xx.s

EXTI1_IRQHandler 00000018

Symbol: EXTI1_IRQHandler
   Definitions
      At line 310 in file ..\startup_stm32f405xx.s
   Uses
      At line 87 in file ..\startup_stm32f405xx.s
      At line 231 in file ..\startup_stm32f405xx.s

EXTI2_IRQHandler 00000018

Symbol: EXTI2_IRQHandler
   Definitions
      At line 311 in file ..\startup_stm32f405xx.s
   Uses
      At line 88 in file ..\startup_stm32f405xx.s
      At line 232 in file ..\startup_stm32f405xx.s




ARM Macro Assembler    Page 6 Alphabetic symbol ordering
Relocatable symbols

EXTI3_IRQHandler 00000018

Symbol: EXTI3_IRQHandler
   Definitions
      At line 312 in file ..\startup_stm32f405xx.s
   Uses
      At line 89 in file ..\startup_stm32f405xx.s
      At line 233 in file ..\startup_stm32f405xx.s

EXTI4_IRQHandler 00000018

Symbol: EXTI4_IRQHandler
   Definitions
      At line 313 in file ..\startup_stm32f405xx.s
   Uses
      At line 90 in file ..\startup_stm32f405xx.s
      At line 234 in file ..\startup_stm32f405xx.s

EXTI9_5_IRQHandler 00000018

Symbol: EXTI9_5_IRQHandler
   Definitions
      At line 326 in file ..\startup_stm32f405xx.s
   Uses
      At line 103 in file ..\startup_stm32f405xx.s
      At line 247 in file ..\startup_stm32f405xx.s

FLASH_IRQHandler 00000018

Symbol: FLASH_IRQHandler
   Definitions
      At line 307 in file ..\startup_stm32f405xx.s
   Uses
      At line 84 in file ..\startup_stm32f405xx.s
      At line 228 in file ..\startup_stm32f405xx.s

FMC_IRQHandler 00000018

Symbol: FMC_IRQHandler
   Definitions
      At line 351 in file ..\startup_stm32f405xx.s
   Uses
      At line 128 in file ..\startup_stm32f405xx.s
      At line 272 in file ..\startup_stm32f405xx.s

FPU_IRQHandler 00000018

Symbol: FPU_IRQHandler
   Definitions
      At line 380 in file ..\startup_stm32f405xx.s
   Uses
      At line 161 in file ..\startup_stm32f405xx.s
      At line 301 in file ..\startup_stm32f405xx.s

HASH_RNG_IRQHandler 00000018

Symbol: HASH_RNG_IRQHandler
   Definitions
      At line 379 in file ..\startup_stm32f405xx.s



ARM Macro Assembler    Page 7 Alphabetic symbol ordering
Relocatable symbols

   Uses
      At line 160 in file ..\startup_stm32f405xx.s
      At line 300 in file ..\startup_stm32f405xx.s

HardFault_Handler 0000000A

Symbol: HardFault_Handler
   Definitions
      At line 189 in file ..\startup_stm32f405xx.s
   Uses
      At line 65 in file ..\startup_stm32f405xx.s
      At line 190 in file ..\startup_stm32f405xx.s

I2C1_ER_IRQHandler 00000018

Symbol: I2C1_ER_IRQHandler
   Definitions
      At line 335 in file ..\startup_stm32f405xx.s
   Uses
      At line 112 in file ..\startup_stm32f405xx.s
      At line 256 in file ..\startup_stm32f405xx.s

I2C1_EV_IRQHandler 00000018

Symbol: I2C1_EV_IRQHandler
   Definitions
      At line 334 in file ..\startup_stm32f405xx.s
   Uses
      At line 111 in file ..\startup_stm32f405xx.s
      At line 255 in file ..\startup_stm32f405xx.s

I2C2_ER_IRQHandler 00000018

Symbol: I2C2_ER_IRQHandler
   Definitions
      At line 337 in file ..\startup_stm32f405xx.s
   Uses
      At line 114 in file ..\startup_stm32f405xx.s
      At line 258 in file ..\startup_stm32f405xx.s

I2C2_EV_IRQHandler 00000018

Symbol: I2C2_EV_IRQHandler
   Definitions
      At line 336 in file ..\startup_stm32f405xx.s
   Uses
      At line 113 in file ..\startup_stm32f405xx.s
      At line 257 in file ..\startup_stm32f405xx.s

I2C3_ER_IRQHandler 00000018

Symbol: I2C3_ER_IRQHandler
   Definitions
      At line 374 in file ..\startup_stm32f405xx.s
   Uses
      At line 153 in file ..\startup_stm32f405xx.s
      At line 295 in file ..\startup_stm32f405xx.s

I2C3_EV_IRQHandler 00000018



ARM Macro Assembler    Page 8 Alphabetic symbol ordering
Relocatable symbols


Symbol: I2C3_EV_IRQHandler
   Definitions
      At line 373 in file ..\startup_stm32f405xx.s
   Uses
      At line 152 in file ..\startup_stm32f405xx.s
      At line 294 in file ..\startup_stm32f405xx.s

MemManage_Handler 0000000C

Symbol: MemManage_Handler
   Definitions
      At line 194 in file ..\startup_stm32f405xx.s
   Uses
      At line 66 in file ..\startup_stm32f405xx.s
      At line 195 in file ..\startup_stm32f405xx.s

NMI_Handler 00000008

Symbol: NMI_Handler
   Definitions
      At line 184 in file ..\startup_stm32f405xx.s
   Uses
      At line 64 in file ..\startup_stm32f405xx.s
      At line 185 in file ..\startup_stm32f405xx.s

OTG_FS_IRQHandler 00000018

Symbol: OTG_FS_IRQHandler
   Definitions
      At line 368 in file ..\startup_stm32f405xx.s
   Uses
      At line 147 in file ..\startup_stm32f405xx.s
      At line 289 in file ..\startup_stm32f405xx.s

OTG_FS_WKUP_IRQHandler 00000018

Symbol: OTG_FS_WKUP_IRQHandler
   Definitions
      At line 345 in file ..\startup_stm32f405xx.s
   Uses
      At line 122 in file ..\startup_stm32f405xx.s
      At line 266 in file ..\startup_stm32f405xx.s

OTG_HS_EP1_IN_IRQHandler 00000018

Symbol: OTG_HS_EP1_IN_IRQHandler
   Definitions
      At line 376 in file ..\startup_stm32f405xx.s
   Uses
      At line 155 in file ..\startup_stm32f405xx.s
      At line 297 in file ..\startup_stm32f405xx.s

OTG_HS_EP1_OUT_IRQHandler 00000018

Symbol: OTG_HS_EP1_OUT_IRQHandler
   Definitions
      At line 375 in file ..\startup_stm32f405xx.s
   Uses



ARM Macro Assembler    Page 9 Alphabetic symbol ordering
Relocatable symbols

      At line 154 in file ..\startup_stm32f405xx.s
      At line 296 in file ..\startup_stm32f405xx.s

OTG_HS_IRQHandler 00000018

Symbol: OTG_HS_IRQHandler
   Definitions
      At line 378 in file ..\startup_stm32f405xx.s
   Uses
      At line 157 in file ..\startup_stm32f405xx.s
      At line 299 in file ..\startup_stm32f405xx.s

OTG_HS_WKUP_IRQHandler 00000018

Symbol: OTG_HS_WKUP_IRQHandler
   Definitions
      At line 377 in file ..\startup_stm32f405xx.s
   Uses
      At line 156 in file ..\startup_stm32f405xx.s
      At line 298 in file ..\startup_stm32f405xx.s

PVD_IRQHandler 00000018

Symbol: PVD_IRQHandler
   Definitions
      At line 304 in file ..\startup_stm32f405xx.s
   Uses
      At line 81 in file ..\startup_stm32f405xx.s
      At line 225 in file ..\startup_stm32f405xx.s

PendSV_Handler 00000016

Symbol: PendSV_Handler
   Definitions
      At line 217 in file ..\startup_stm32f405xx.s
   Uses
      At line 76 in file ..\startup_stm32f405xx.s
      At line 218 in file ..\startup_stm32f405xx.s

RCC_IRQHandler 00000018

Symbol: RCC_IRQHandler
   Definitions
      At line 308 in file ..\startup_stm32f405xx.s
   Uses
      At line 85 in file ..\startup_stm32f405xx.s
      At line 229 in file ..\startup_stm32f405xx.s

RTC_Alarm_IRQHandler 00000018

Symbol: RTC_Alarm_IRQHandler
   Definitions
      At line 344 in file ..\startup_stm32f405xx.s
   Uses
      At line 121 in file ..\startup_stm32f405xx.s
      At line 265 in file ..\startup_stm32f405xx.s

RTC_WKUP_IRQHandler 00000018




ARM Macro Assembler    Page 10 Alphabetic symbol ordering
Relocatable symbols

Symbol: RTC_WKUP_IRQHandler
   Definitions
      At line 306 in file ..\startup_stm32f405xx.s
   Uses
      At line 83 in file ..\startup_stm32f405xx.s
      At line 227 in file ..\startup_stm32f405xx.s

Reset_Handler 00000000

Symbol: Reset_Handler
   Definitions
      At line 171 in file ..\startup_stm32f405xx.s
   Uses
      At line 63 in file ..\startup_stm32f405xx.s
      At line 172 in file ..\startup_stm32f405xx.s

SDIO_IRQHandler 00000018

Symbol: SDIO_IRQHandler
   Definitions
      At line 352 in file ..\startup_stm32f405xx.s
   Uses
      At line 129 in file ..\startup_stm32f405xx.s
      At line 273 in file ..\startup_stm32f405xx.s

SPI1_IRQHandler 00000018

Symbol: SPI1_IRQHandler
   Definitions
      At line 338 in file ..\startup_stm32f405xx.s
   Uses
      At line 115 in file ..\startup_stm32f405xx.s
      At line 259 in file ..\startup_stm32f405xx.s

SPI2_IRQHandler 00000018

Symbol: SPI2_IRQHandler
   Definitions
      At line 339 in file ..\startup_stm32f405xx.s
   Uses
      At line 116 in file ..\startup_stm32f405xx.s
      At line 260 in file ..\startup_stm32f405xx.s

SPI3_IRQHandler 00000018

Symbol: SPI3_IRQHandler
   Definitions
      At line 354 in file ..\startup_stm32f405xx.s
   Uses
      At line 131 in file ..\startup_stm32f405xx.s
      At line 275 in file ..\startup_stm32f405xx.s

SVC_Handler 00000012

Symbol: SVC_Handler
   Definitions
      At line 208 in file ..\startup_stm32f405xx.s
   Uses
      At line 73 in file ..\startup_stm32f405xx.s



ARM Macro Assembler    Page 11 Alphabetic symbol ordering
Relocatable symbols

      At line 209 in file ..\startup_stm32f405xx.s

TAMP_STAMP_IRQHandler 00000018

Symbol: TAMP_STAMP_IRQHandler
   Definitions
      At line 305 in file ..\startup_stm32f405xx.s
   Uses
      At line 82 in file ..\startup_stm32f405xx.s
      At line 226 in file ..\startup_stm32f405xx.s

TIM1_BRK_TIM9_IRQHandler 00000018

Symbol: TIM1_BRK_TIM9_IRQHandler
   Definitions
      At line 327 in file ..\startup_stm32f405xx.s
   Uses
      At line 104 in file ..\startup_stm32f405xx.s
      At line 248 in file ..\startup_stm32f405xx.s

TIM1_CC_IRQHandler 00000018

Symbol: TIM1_CC_IRQHandler
   Definitions
      At line 330 in file ..\startup_stm32f405xx.s
   Uses
      At line 107 in file ..\startup_stm32f405xx.s
      At line 251 in file ..\startup_stm32f405xx.s

TIM1_TRG_COM_TIM11_IRQHandler 00000018

Symbol: TIM1_TRG_COM_TIM11_IRQHandler
   Definitions
      At line 329 in file ..\startup_stm32f405xx.s
   Uses
      At line 106 in file ..\startup_stm32f405xx.s
      At line 250 in file ..\startup_stm32f405xx.s

TIM1_UP_TIM10_IRQHandler 00000018

Symbol: TIM1_UP_TIM10_IRQHandler
   Definitions
      At line 328 in file ..\startup_stm32f405xx.s
   Uses
      At line 105 in file ..\startup_stm32f405xx.s
      At line 249 in file ..\startup_stm32f405xx.s

TIM2_IRQHandler 00000018

Symbol: TIM2_IRQHandler
   Definitions
      At line 331 in file ..\startup_stm32f405xx.s
   Uses
      At line 108 in file ..\startup_stm32f405xx.s
      At line 252 in file ..\startup_stm32f405xx.s

TIM3_IRQHandler 00000018

Symbol: TIM3_IRQHandler



ARM Macro Assembler    Page 12 Alphabetic symbol ordering
Relocatable symbols

   Definitions
      At line 332 in file ..\startup_stm32f405xx.s
   Uses
      At line 109 in file ..\startup_stm32f405xx.s
      At line 253 in file ..\startup_stm32f405xx.s

TIM4_IRQHandler 00000018

Symbol: TIM4_IRQHandler
   Definitions
      At line 333 in file ..\startup_stm32f405xx.s
   Uses
      At line 110 in file ..\startup_stm32f405xx.s
      At line 254 in file ..\startup_stm32f405xx.s

TIM5_IRQHandler 00000018

Symbol: TIM5_IRQHandler
   Definitions
      At line 353 in file ..\startup_stm32f405xx.s
   Uses
      At line 130 in file ..\startup_stm32f405xx.s
      At line 274 in file ..\startup_stm32f405xx.s

TIM6_DAC_IRQHandler 00000018

Symbol: TIM6_DAC_IRQHandler
   Definitions
      At line 357 in file ..\startup_stm32f405xx.s
   Uses
      At line 134 in file ..\startup_stm32f405xx.s
      At line 278 in file ..\startup_stm32f405xx.s

TIM7_IRQHandler 00000018

Symbol: TIM7_IRQHandler
   Definitions
      At line 358 in file ..\startup_stm32f405xx.s
   Uses
      At line 135 in file ..\startup_stm32f405xx.s
      At line 279 in file ..\startup_stm32f405xx.s

TIM8_BRK_TIM12_IRQHandler 00000018

Symbol: TIM8_BRK_TIM12_IRQHandler
   Definitions
      At line 346 in file ..\startup_stm32f405xx.s
   Uses
      At line 123 in file ..\startup_stm32f405xx.s
      At line 267 in file ..\startup_stm32f405xx.s

TIM8_CC_IRQHandler 00000018

Symbol: TIM8_CC_IRQHandler
   Definitions
      At line 349 in file ..\startup_stm32f405xx.s
   Uses
      At line 126 in file ..\startup_stm32f405xx.s
      At line 270 in file ..\startup_stm32f405xx.s



ARM Macro Assembler    Page 13 Alphabetic symbol ordering
Relocatable symbols


TIM8_TRG_COM_TIM14_IRQHandler 00000018

Symbol: TIM8_TRG_COM_TIM14_IRQHandler
   Definitions
      At line 348 in file ..\startup_stm32f405xx.s
   Uses
      At line 125 in file ..\startup_stm32f405xx.s
      At line 269 in file ..\startup_stm32f405xx.s

TIM8_UP_TIM13_IRQHandler 00000018

Symbol: TIM8_UP_TIM13_IRQHandler
   Definitions
      At line 347 in file ..\startup_stm32f405xx.s
   Uses
      At line 124 in file ..\startup_stm32f405xx.s
      At line 268 in file ..\startup_stm32f405xx.s

UART4_IRQHandler 00000018

Symbol: UART4_IRQHandler
   Definitions
      At line 355 in file ..\startup_stm32f405xx.s
   Uses
      At line 132 in file ..\startup_stm32f405xx.s
      At line 276 in file ..\startup_stm32f405xx.s

UART5_IRQHandler 00000018

Symbol: UART5_IRQHandler
   Definitions
      At line 356 in file ..\startup_stm32f405xx.s
   Uses
      At line 133 in file ..\startup_stm32f405xx.s
      At line 277 in file ..\startup_stm32f405xx.s

USART1_IRQHandler 00000018

Symbol: USART1_IRQHandler
   Definitions
      At line 340 in file ..\startup_stm32f405xx.s
   Uses
      At line 117 in file ..\startup_stm32f405xx.s
      At line 261 in file ..\startup_stm32f405xx.s

USART2_IRQHandler 00000018

Symbol: USART2_IRQHandler
   Definitions
      At line 341 in file ..\startup_stm32f405xx.s
   Uses
      At line 118 in file ..\startup_stm32f405xx.s
      At line 262 in file ..\startup_stm32f405xx.s

USART3_IRQHandler 00000018

Symbol: USART3_IRQHandler
   Definitions



ARM Macro Assembler    Page 14 Alphabetic symbol ordering
Relocatable symbols

      At line 342 in file ..\startup_stm32f405xx.s
   Uses
      At line 119 in file ..\startup_stm32f405xx.s
      At line 263 in file ..\startup_stm32f405xx.s

USART6_IRQHandler 00000018

Symbol: USART6_IRQHandler
   Definitions
      At line 372 in file ..\startup_stm32f405xx.s
   Uses
      At line 151 in file ..\startup_stm32f405xx.s
      At line 293 in file ..\startup_stm32f405xx.s

UsageFault_Handler 00000010

Symbol: UsageFault_Handler
   Definitions
      At line 204 in file ..\startup_stm32f405xx.s
   Uses
      At line 68 in file ..\startup_stm32f405xx.s
      At line 205 in file ..\startup_stm32f405xx.s

WWDG_IRQHandler 00000018

Symbol: WWDG_IRQHandler
   Definitions
      At line 303 in file ..\startup_stm32f405xx.s
   Uses
      At line 80 in file ..\startup_stm32f405xx.s
      At line 224 in file ..\startup_stm32f405xx.s

__user_initial_stackheap 0000001C

Symbol: __user_initial_stackheap
   Definitions
      At line 402 in file ..\startup_stm32f405xx.s
   Uses
      At line 400 in file ..\startup_stm32f405xx.s
Comment: __user_initial_stackheap used once
90 symbols



ARM Macro Assembler    Page 1 Alphabetic symbol ordering
Absolute symbols

Heap_Size 00000200

Symbol: Heap_Size
   Definitions
      At line 44 in file ..\startup_stm32f405xx.s
   Uses
      At line 48 in file ..\startup_stm32f405xx.s
      At line 406 in file ..\startup_stm32f405xx.s

Stack_Size 00000800

Symbol: Stack_Size
   Definitions
      At line 33 in file ..\startup_stm32f405xx.s
   Uses
      At line 36 in file ..\startup_stm32f405xx.s
      At line 405 in file ..\startup_stm32f405xx.s

__Vectors_Size 00000188

Symbol: __Vectors_Size
   Definitions
      At line 166 in file ..\startup_stm32f405xx.s
   Uses
      At line 60 in file ..\startup_stm32f405xx.s
Comment: __Vectors_Size used once
3 symbols



ARM Macro Assembler    Page 1 Alphabetic symbol ordering
External symbols

SysTick_Handler 00000000

Symbol: SysTick_Handler
   Definitions
      At line 57 in file ..\startup_stm32f405xx.s
   Uses
      At line 77 in file ..\startup_stm32f405xx.s
Comment: SysTick_Handler used once
SystemInit 00000000

Symbol: SystemInit
   Definitions
      At line 173 in file ..\startup_stm32f405xx.s
   Uses
      At line 176 in file ..\startup_stm32f405xx.s
Comment: SystemInit used once
__main 00000000

Symbol: __main
   Definitions
      At line 174 in file ..\startup_stm32f405xx.s
   Uses
      At line 178 in file ..\startup_stm32f405xx.s
Comment: __main used once
__use_two_region_memory 00000000

Symbol: __use_two_region_memory
   Definitions
      At line 399 in file ..\startup_stm32f405xx.s
   Uses
      None
Comment: __use_two_region_memory unused
4 symbols
446 symbols in table
